<?xml version="1.0" encoding="UTF-8"?>
<!-- Generated by org.testng.reporters.JUnitXMLReporter -->
<testsuite hostname="TNLINDDSK183" name="tesr" tests="2" failures="2" timestamp="14 Dec 2015 09:37:57 GMT" time="126.936" errors="0">
  <testcase name="LearnTestcases" time="5.441" classname="Testcases.First">
    <failure type="org.openqa.selenium.NoSuchElementException" message="Can&amp;apos;t locate an element by this strategy: Locator map: 
- native content: &amp;quot;By.xpath: //android.widget.RelativeLayout[@index=&amp;apos;1&amp;apos;]&amp;quot; 
- html content: &amp;quot;by id or name &amp;quot;Selectcourse7th&amp;quot;&amp;quot;
For documentation on this error, please visit: http://seleniumhq.org/exceptions/no_such_element.html
Build info: version: &amp;apos;2.47.1&amp;apos;, revision: &amp;apos;411b314&amp;apos;, time: &amp;apos;2015-07-30 02:56:46&amp;apos;
System info: host: &amp;apos;TNLINDDSK183&amp;apos;, ip: &amp;apos;192.168.56.1&amp;apos;, os.name: &amp;apos;Windows 7&amp;apos;, os.arch: &amp;apos;amd64&amp;apos;, os.version: &amp;apos;6.1&amp;apos;, java.version: &amp;apos;1.7.0_71&amp;apos;
Driver info: driver.version: unknown">
      <![CDATA[org.openqa.selenium.NoSuchElementException: Can't locate an element by this strategy: Locator map: 
- native content: "By.xpath: //android.widget.RelativeLayout[@index='1']" 
- html content: "by id or name "Selectcourse7th""
For documentation on this error, please visit: http://seleniumhq.org/exceptions/no_such_element.html
Build info: version: '2.47.1', revision: '411b314', time: '2015-07-30 02:56:46'
System info: host: 'TNLINDDSK183', ip: '192.168.56.1', os.name: 'Windows 7', os.arch: 'amd64', os.version: '6.1', java.version: '1.7.0_71'
Driver info: driver.version: unknown
	at io.appium.java_client.pagefactory.AppiumElementLocator.findElement(AppiumElementLocator.java:185)
	at io.appium.java_client.pagefactory.ElementInterceptor.intercept(ElementInterceptor.java:46)
	at io.appium.java_client.android.AndroidElement$$EnhancerByCGLIB$$c823a655.click(<generated>)
	at BaseMethods.Selectcoursepage.click7th(Selectcoursepage.java:58)
	at Testcases.First.LearnTestcases(First.java:80)
... Removed 23 stack frames]]>
    </failure>
  </testcase> <!-- LearnTestcases -->
  <testcase name="LearnTestcases" time="5.034" classname="Testcases.First">
    <failure type="org.openqa.selenium.NoSuchElementException" message="Can&amp;apos;t locate an element by this strategy: Locator map: 
- native content: &amp;quot;By.xpath: //android.widget.RelativeLayout[@index=&amp;apos;1&amp;apos;]&amp;quot; 
- html content: &amp;quot;by id or name &amp;quot;Selectcourse7th&amp;quot;&amp;quot;
For documentation on this error, please visit: http://seleniumhq.org/exceptions/no_such_element.html
Build info: version: &amp;apos;2.47.1&amp;apos;, revision: &amp;apos;411b314&amp;apos;, time: &amp;apos;2015-07-30 02:56:46&amp;apos;
System info: host: &amp;apos;TNLINDDSK183&amp;apos;, ip: &amp;apos;192.168.56.1&amp;apos;, os.name: &amp;apos;Windows 7&amp;apos;, os.arch: &amp;apos;amd64&amp;apos;, os.version: &amp;apos;6.1&amp;apos;, java.version: &amp;apos;1.7.0_71&amp;apos;
Driver info: driver.version: unknown">
      <![CDATA[org.openqa.selenium.NoSuchElementException: Can't locate an element by this strategy: Locator map: 
- native content: "By.xpath: //android.widget.RelativeLayout[@index='1']" 
- html content: "by id or name "Selectcourse7th""
For documentation on this error, please visit: http://seleniumhq.org/exceptions/no_such_element.html
Build info: version: '2.47.1', revision: '411b314', time: '2015-07-30 02:56:46'
System info: host: 'TNLINDDSK183', ip: '192.168.56.1', os.name: 'Windows 7', os.arch: 'amd64', os.version: '6.1', java.version: '1.7.0_71'
Driver info: driver.version: unknown
	at io.appium.java_client.pagefactory.AppiumElementLocator.findElement(AppiumElementLocator.java:185)
	at io.appium.java_client.pagefactory.ElementInterceptor.intercept(ElementInterceptor.java:46)
	at io.appium.java_client.android.AndroidElement$$EnhancerByCGLIB$$c823a655.click(<generated>)
	at BaseMethods.Selectcoursepage.click7th(Selectcoursepage.java:58)
	at Testcases.First.LearnTestcases(First.java:80)
... Removed 23 stack frames]]>
    </failure>
  </testcase> <!-- LearnTestcases -->
</testsuite> <!-- tesr -->
