<!DOCTYPE html PUBLIC "-//W3C//DTD XHTML 1.1//EN" "http://www.w3.org/TR/xhtml11/DTD/xhtml11.dtd">
<html xmlns="http://www.w3.org/1999/xhtml"><head><title>TestNG Report</title><style type="text/css">table {margin-bottom:10px;border-collapse:collapse;empty-cells:show}th,td {border:1px solid #009;padding:.25em .5em}th {vertical-align:bottom}td {vertical-align:top}table a {font-weight:bold}.stripe td {background-color: #E6EBF9}.num {text-align:right}.passedodd td {background-color: #3F3}.passedeven td {background-color: #0A0}.skippedodd td {background-color: #DDD}.skippedeven td {background-color: #CCC}.failedodd td,.attn {background-color: #F33}.failedeven td,.stripe .attn {background-color: #D00}.stacktrace {white-space:pre;font-family:monospace}.totop {font-size:85%;text-align:center;border-bottom:2px solid #000}</style></head><body><table><tr><th>Test</th><th># Passed</th><th># Skipped</th><th># Failed</th><th>Time (ms)</th><th>Included Groups</th><th>Excluded Groups</th></tr><tr><th colspan="7">Suite</th></tr><tr><td><a href="#t0">tesr</a></td><td class="num">0</td><td class="num">0</td><td class="num attn">2</td><td class="num">126,936</td><td></td><td></td></tr></table><table><thead><tr><th>Class</th><th>Method</th><th>Start</th><th>Time (ms)</th></tr></thead><tbody><tr><th colspan="4">Suite</th></tr></tbody><tbody id="t0"><tr><th colspan="4">tesr &#8212; failed</th></tr><tr class="failedeven"><td rowspan="2">Testcases.First</td><td><a href="#m0">LearnTestcases</a></td><td rowspan="2">1450085807526</td><td rowspan="2">5441</td></tr><tr class="failedeven"><td><a href="#m1">LearnTestcases</a></td></tr></tbody></table><h2>tesr</h2><h3 id="m0">Testcases.First#LearnTestcases</h3><table class="result"><tr class="param"><th>Parameter #1</th><th>Parameter #2</th><th>Parameter #3</th><th>Parameter #4</th><th>Parameter #5</th><th>Parameter #6</th></tr><tr class="param stripe"><td>Y</td><td>Check for the select course test is displayed or Not</td><td>TC_1</td><td>Select a course</td><td></td><td>Please create an account to track your progress and get personalized analysis for Test and Video completion.</td></tr><tr><th colspan="6">Exception</th></tr><tr><td colspan="6"><div class="stacktrace">org.openqa.selenium.NoSuchElementException: Can&apos;t locate an element by this strategy: Locator map: 
- native content: &quot;By.xpath: //android.widget.RelativeLayout[@index=&apos;1&apos;]&quot; 
- html content: &quot;by id or name &quot;Selectcourse7th&quot;&quot;
For documentation on this error, please visit: http://seleniumhq.org/exceptions/no_such_element.html
Build info: version: &apos;2.47.1&apos;, revision: &apos;411b314&apos;, time: &apos;2015-07-30 02:56:46&apos;
System info: host: &apos;TNLINDDSK183&apos;, ip: &apos;192.168.56.1&apos;, os.name: &apos;Windows 7&apos;, os.arch: &apos;amd64&apos;, os.version: &apos;6.1&apos;, java.version: &apos;1.7.0_71&apos;
Driver info: driver.version: unknown
	at io.appium.java_client.pagefactory.AppiumElementLocator.findElement(AppiumElementLocator.java:185)
	at io.appium.java_client.pagefactory.ElementInterceptor.intercept(ElementInterceptor.java:46)
	at io.appium.java_client.android.AndroidElement$$EnhancerByCGLIB$$c823a655.click(&lt;generated&gt;)
	at BaseMethods.Selectcoursepage.click7th(Selectcoursepage.java:58)
	at Testcases.First.LearnTestcases(First.java:80)
... Removed 23 stack frames</div></td></tr></table><p class="totop"><a href="#summary">back to summary</a></p><h3 id="m1">Testcases.First#LearnTestcases</h3><table class="result"><tr class="param"><th>Parameter #1</th><th>Parameter #2</th><th>Parameter #3</th><th>Parameter #4</th><th>Parameter #5</th><th>Parameter #6</th></tr><tr class="param stripe"><td>Y</td><td>Check for the select course test is displayed or Not</td><td>TC_2</td><td></td><td></td><td>djsjsfkdjfkdsgnfjgbh</td></tr><tr><th colspan="6">Exception</th></tr><tr><td colspan="6"><div class="stacktrace">org.openqa.selenium.NoSuchElementException: Can&apos;t locate an element by this strategy: Locator map: 
- native content: &quot;By.xpath: //android.widget.RelativeLayout[@index=&apos;1&apos;]&quot; 
- html content: &quot;by id or name &quot;Selectcourse7th&quot;&quot;
For documentation on this error, please visit: http://seleniumhq.org/exceptions/no_such_element.html
Build info: version: &apos;2.47.1&apos;, revision: &apos;411b314&apos;, time: &apos;2015-07-30 02:56:46&apos;
System info: host: &apos;TNLINDDSK183&apos;, ip: &apos;192.168.56.1&apos;, os.name: &apos;Windows 7&apos;, os.arch: &apos;amd64&apos;, os.version: &apos;6.1&apos;, java.version: &apos;1.7.0_71&apos;
Driver info: driver.version: unknown
	at io.appium.java_client.pagefactory.AppiumElementLocator.findElement(AppiumElementLocator.java:185)
	at io.appium.java_client.pagefactory.ElementInterceptor.intercept(ElementInterceptor.java:46)
	at io.appium.java_client.android.AndroidElement$$EnhancerByCGLIB$$c823a655.click(&lt;generated&gt;)
	at BaseMethods.Selectcoursepage.click7th(Selectcoursepage.java:58)
	at Testcases.First.LearnTestcases(First.java:80)
... Removed 23 stack frames</div></td></tr></table><p class="totop"><a href="#summary">back to summary</a></p></body></html>